[2025-09-13 19:15:54] Starting migration...
[2025-09-13 19:15:54] Checking database connections...
[2025-09-13 19:15:54] Database connections successful.
[2025-09-13 19:15:54] Exporting orders from source...
[2025-09-13 19:15:54] Found 2376 orders to migrate.
[2025-09-13 19:15:54] Processing batch: 1 to 1
[2025-09-13 19:15:54]   - Migrating wp_posts...
[2025-09-13 19:15:54]   - Migrating wp_postmeta...
[2025-09-13 19:15:54]   - Migrating woocommerce_order_items...
[2025-09-13 19:15:54]   - Migrating woocommerce_order_itemmeta...
[2025-09-13 19:15:54] Data import completed.
[2025-09-13 19:15:54] Enabling HPOS and running sync...
[2025-09-13 19:15:54] Enabling compatibility mode (posts table sync)...
[2025-09-13 19:15:57] Running HPOS sync...
[2025-09-13 19:15:58] Enabling HPOS as the primary data store...
[2025-09-13 19:16:00] HPOS enabled and synced.
[2025-09-13 19:16:00] Verifying migration...
[2025-09-13 19:16:00]   - Orders in wp_posts: COUNT(*)
0
[2025-09-13 19:16:00]   - Orders in wp_wc_orders (HPOS): COUNT(*)
0
[2025-09-13 19:16:00] ERROR: Verification failed. Please check the logs.
[2025-09-13 19:16:00] Migration script finished.
