[2025-09-13 19:12:20] Starting migration...
[2025-09-13 19:12:20] Checking database connections...
[2025-09-13 19:12:20] Database connections successful.
[2025-09-13 19:12:20] Exporting orders from source...
[2025-09-13 19:12:20] Found 2376 orders to migrate.
[2025-09-13 19:12:20] Processing batch: 1 to 100
[2025-09-13 19:12:20]   - Migrating wp_posts...
[2025-09-13 19:12:21]   - Migrating wp_postmeta...
[2025-09-13 19:12:21]   - Migrating woocommerce_order_items...
[2025-09-13 19:12:21]   - Migrating woocommerce_order_itemmeta...
[2025-09-13 19:12:21] Processing batch: 101 to 200
[2025-09-13 19:12:21]   - Migrating wp_posts...
[2025-09-13 19:12:21]   - Migrating wp_postmeta...
[2025-09-13 19:12:21]   - Migrating woocommerce_order_items...
[2025-09-13 19:12:21]   - Migrating woocommerce_order_itemmeta...
[2025-09-13 19:12:21] Processing batch: 201 to 300
[2025-09-13 19:12:21]   - Migrating wp_posts...
[2025-09-13 19:12:22]   - Migrating wp_postmeta...
[2025-09-13 19:12:22]   - Migrating woocommerce_order_items...
[2025-09-13 19:12:22]   - Migrating woocommerce_order_itemmeta...
[2025-09-13 19:12:22] Processing batch: 301 to 400
[2025-09-13 19:12:22]   - Migrating wp_posts...
[2025-09-13 19:12:22]   - Migrating wp_postmeta...
[2025-09-13 19:12:22]   - Migrating woocommerce_order_items...
[2025-09-13 19:12:22]   - Migrating woocommerce_order_itemmeta...
[2025-09-13 19:12:22] Processing batch: 401 to 500
[2025-09-13 19:12:22]   - Migrating wp_posts...
[2025-09-13 19:12:22]   - Migrating wp_postmeta...
[2025-09-13 19:12:23]   - Migrating woocommerce_order_items...
[2025-09-13 19:12:23]   - Migrating woocommerce_order_itemmeta...
[2025-09-13 19:12:23] Processing batch: 501 to 600
[2025-09-13 19:12:23]   - Migrating wp_posts...
[2025-09-13 19:12:23]   - Migrating wp_postmeta...
[2025-09-13 19:12:23]   - Migrating woocommerce_order_items...
[2025-09-13 19:12:23]   - Migrating woocommerce_order_itemmeta...
[2025-09-13 19:12:23] Processing batch: 601 to 700
[2025-09-13 19:12:23]   - Migrating wp_posts...
[2025-09-13 19:12:23]   - Migrating wp_postmeta...
[2025-09-13 19:12:24]   - Migrating woocommerce_order_items...
[2025-09-13 19:12:24]   - Migrating woocommerce_order_itemmeta...
[2025-09-13 19:12:24] Processing batch: 701 to 800
[2025-09-13 19:12:24]   - Migrating wp_posts...
[2025-09-13 19:12:24]   - Migrating wp_postmeta...
[2025-09-13 19:12:24]   - Migrating woocommerce_order_items...
[2025-09-13 19:12:24]   - Migrating woocommerce_order_itemmeta...
[2025-09-13 19:12:24] Processing batch: 801 to 900
[2025-09-13 19:12:24]   - Migrating wp_posts...
[2025-09-13 19:12:24]   - Migrating wp_postmeta...
[2025-09-13 19:12:24]   - Migrating woocommerce_order_items...
[2025-09-13 19:12:24]   - Migrating woocommerce_order_itemmeta...
[2025-09-13 19:12:25] Processing batch: 901 to 1000
[2025-09-13 19:12:25]   - Migrating wp_posts...
[2025-09-13 19:12:25]   - Migrating wp_postmeta...
[2025-09-13 19:12:25]   - Migrating woocommerce_order_items...
[2025-09-13 19:12:25]   - Migrating woocommerce_order_itemmeta...
[2025-09-13 19:12:25] Processing batch: 1001 to 1100
[2025-09-13 19:12:25]   - Migrating wp_posts...
[2025-09-13 19:12:25]   - Migrating wp_postmeta...
[2025-09-13 19:12:25]   - Migrating woocommerce_order_items...
[2025-09-13 19:12:25]   - Migrating woocommerce_order_itemmeta...
[2025-09-13 19:12:26] Processing batch: 1101 to 1200
[2025-09-13 19:12:26]   - Migrating wp_posts...
[2025-09-13 19:12:26]   - Migrating wp_postmeta...
[2025-09-13 19:12:26]   - Migrating woocommerce_order_items...
[2025-09-13 19:12:26]   - Migrating woocommerce_order_itemmeta...
[2025-09-13 19:12:26] Processing batch: 1201 to 1300
[2025-09-13 19:12:26]   - Migrating wp_posts...
[2025-09-13 19:12:26]   - Migrating wp_postmeta...
[2025-09-13 19:12:26]   - Migrating woocommerce_order_items...
[2025-09-13 19:12:26]   - Migrating woocommerce_order_itemmeta...
[2025-09-13 19:12:27] Processing batch: 1301 to 1400
[2025-09-13 19:12:27]   - Migrating wp_posts...
[2025-09-13 19:12:27]   - Migrating wp_postmeta...
[2025-09-13 19:12:27]   - Migrating woocommerce_order_items...
[2025-09-13 19:12:27]   - Migrating woocommerce_order_itemmeta...
[2025-09-13 19:12:27] Processing batch: 1401 to 1500
[2025-09-13 19:12:27]   - Migrating wp_posts...
[2025-09-13 19:12:27]   - Migrating wp_postmeta...
[2025-09-13 19:12:27]   - Migrating woocommerce_order_items...
[2025-09-13 19:12:27]   - Migrating woocommerce_order_itemmeta...
[2025-09-13 19:12:27] Processing batch: 1501 to 1600
[2025-09-13 19:12:27]   - Migrating wp_posts...
[2025-09-13 19:12:28]   - Migrating wp_postmeta...
[2025-09-13 19:12:28]   - Migrating woocommerce_order_items...
[2025-09-13 19:12:28]   - Migrating woocommerce_order_itemmeta...
[2025-09-13 19:12:28] Processing batch: 1601 to 1700
[2025-09-13 19:12:28]   - Migrating wp_posts...
[2025-09-13 19:12:28]   - Migrating wp_postmeta...
[2025-09-13 19:12:28]   - Migrating woocommerce_order_items...
[2025-09-13 19:12:28]   - Migrating woocommerce_order_itemmeta...
[2025-09-13 19:12:28] Processing batch: 1701 to 1800
[2025-09-13 19:12:28]   - Migrating wp_posts...
[2025-09-13 19:12:28]   - Migrating wp_postmeta...
[2025-09-13 19:12:29]   - Migrating woocommerce_order_items...
[2025-09-13 19:12:29]   - Migrating woocommerce_order_itemmeta...
[2025-09-13 19:12:29] Processing batch: 1801 to 1900
[2025-09-13 19:12:29]   - Migrating wp_posts...
[2025-09-13 19:12:29]   - Migrating wp_postmeta...
[2025-09-13 19:12:29]   - Migrating woocommerce_order_items...
[2025-09-13 19:12:29]   - Migrating woocommerce_order_itemmeta...
[2025-09-13 19:12:29] Processing batch: 1901 to 2000
[2025-09-13 19:12:29]   - Migrating wp_posts...
[2025-09-13 19:12:29]   - Migrating wp_postmeta...
[2025-09-13 19:12:29]   - Migrating woocommerce_order_items...
[2025-09-13 19:12:30]   - Migrating woocommerce_order_itemmeta...
[2025-09-13 19:12:30] Processing batch: 2001 to 2100
[2025-09-13 19:12:30]   - Migrating wp_posts...
[2025-09-13 19:12:30]   - Migrating wp_postmeta...
[2025-09-13 19:12:30]   - Migrating woocommerce_order_items...
[2025-09-13 19:12:30]   - Migrating woocommerce_order_itemmeta...
[2025-09-13 19:12:30] Processing batch: 2101 to 2200
[2025-09-13 19:12:30]   - Migrating wp_posts...
[2025-09-13 19:12:30]   - Migrating wp_postmeta...
[2025-09-13 19:12:30]   - Migrating woocommerce_order_items...
[2025-09-13 19:12:30]   - Migrating woocommerce_order_itemmeta...
