[2025-09-13 19:14:26] Starting migration...
[2025-09-13 19:14:26] Checking database connections...
[2025-09-13 19:14:27] Database connections successful.
[2025-09-13 19:14:27] Exporting orders from source...
[2025-09-13 19:14:27] Found 2376 orders to migrate.
[2025-09-13 19:14:27] Processing batch: 1 to 100
[2025-09-13 19:14:27]   - Migrating wp_posts...
[2025-09-13 19:14:27]   - Migrating wp_postmeta...
[2025-09-13 19:14:27]   - Migrating woocommerce_order_items...
[2025-09-13 19:14:27]   - Migrating woocommerce_order_itemmeta...
[2025-09-13 19:14:27] Processing batch: 101 to 200
[2025-09-13 19:14:27]   - Migrating wp_posts...
[2025-09-13 19:14:27]   - Migrating wp_postmeta...
[2025-09-13 19:14:27]   - Migrating woocommerce_order_items...
[2025-09-13 19:14:27]   - Migrating woocommerce_order_itemmeta...
[2025-09-13 19:14:28] Processing batch: 201 to 300
[2025-09-13 19:14:28]   - Migrating wp_posts...
[2025-09-13 19:14:28]   - Migrating wp_postmeta...
[2025-09-13 19:14:28]   - Migrating woocommerce_order_items...
[2025-09-13 19:14:28]   - Migrating woocommerce_order_itemmeta...
[2025-09-13 19:14:28] Processing batch: 301 to 400
[2025-09-13 19:14:28]   - Migrating wp_posts...
[2025-09-13 19:14:28]   - Migrating wp_postmeta...
[2025-09-13 19:14:28]   - Migrating woocommerce_order_items...
[2025-09-13 19:14:28]   - Migrating woocommerce_order_itemmeta...
[2025-09-13 19:14:29] Processing batch: 401 to 500
[2025-09-13 19:14:29]   - Migrating wp_posts...
[2025-09-13 19:14:29]   - Migrating wp_postmeta...
[2025-09-13 19:14:29]   - Migrating woocommerce_order_items...
[2025-09-13 19:14:29]   - Migrating woocommerce_order_itemmeta...
[2025-09-13 19:14:29] Processing batch: 501 to 600
[2025-09-13 19:14:29]   - Migrating wp_posts...
[2025-09-13 19:14:29]   - Migrating wp_postmeta...
[2025-09-13 19:14:29]   - Migrating woocommerce_order_items...
[2025-09-13 19:14:29]   - Migrating woocommerce_order_itemmeta...
[2025-09-13 19:14:30] Processing batch: 601 to 700
[2025-09-13 19:14:30]   - Migrating wp_posts...
[2025-09-13 19:14:30]   - Migrating wp_postmeta...
[2025-09-13 19:14:30]   - Migrating woocommerce_order_items...
[2025-09-13 19:14:30]   - Migrating woocommerce_order_itemmeta...
[2025-09-13 19:14:30] Processing batch: 701 to 800
[2025-09-13 19:14:30]   - Migrating wp_posts...
[2025-09-13 19:14:30]   - Migrating wp_postmeta...
[2025-09-13 19:14:30]   - Migrating woocommerce_order_items...
[2025-09-13 19:14:30]   - Migrating woocommerce_order_itemmeta...
[2025-09-13 19:14:31] Processing batch: 801 to 900
[2025-09-13 19:14:31]   - Migrating wp_posts...
[2025-09-13 19:14:31]   - Migrating wp_postmeta...
[2025-09-13 19:14:31]   - Migrating woocommerce_order_items...
[2025-09-13 19:14:31]   - Migrating woocommerce_order_itemmeta...
[2025-09-13 19:14:31] Processing batch: 901 to 1000
[2025-09-13 19:14:31]   - Migrating wp_posts...
[2025-09-13 19:14:31]   - Migrating wp_postmeta...
[2025-09-13 19:14:31]   - Migrating woocommerce_order_items...
[2025-09-13 19:14:31]   - Migrating woocommerce_order_itemmeta...
[2025-09-13 19:14:32] Processing batch: 1001 to 1100
[2025-09-13 19:14:32]   - Migrating wp_posts...
[2025-09-13 19:14:32]   - Migrating wp_postmeta...
[2025-09-13 19:14:32]   - Migrating woocommerce_order_items...
[2025-09-13 19:14:32]   - Migrating woocommerce_order_itemmeta...
[2025-09-13 19:14:32] Processing batch: 1101 to 1200
[2025-09-13 19:14:32]   - Migrating wp_posts...
[2025-09-13 19:14:32]   - Migrating wp_postmeta...
[2025-09-13 19:14:32]   - Migrating woocommerce_order_items...
[2025-09-13 19:14:32]   - Migrating woocommerce_order_itemmeta...
[2025-09-13 19:14:33] Processing batch: 1201 to 1300
[2025-09-13 19:14:33]   - Migrating wp_posts...
[2025-09-13 19:14:33]   - Migrating wp_postmeta...
[2025-09-13 19:14:33]   - Migrating woocommerce_order_items...
[2025-09-13 19:14:33]   - Migrating woocommerce_order_itemmeta...
[2025-09-13 19:14:33] Processing batch: 1301 to 1400
[2025-09-13 19:14:33]   - Migrating wp_posts...
[2025-09-13 19:14:33]   - Migrating wp_postmeta...
