[2025-09-13 19:18:11] Starting migration...
[2025-09-13 19:18:11] Checking database connections...
[2025-09-13 19:18:11] Database connections successful.
[2025-09-13 19:18:11] Exporting orders from source...
[2025-09-13 19:18:11] Found 2376 orders to migrate.
[2025-09-13 19:18:11] Processing batch: 0 to 0
[2025-09-13 19:18:11]   - Migrating wp_posts...
[2025-09-13 19:18:28]   - Migrating wp_postmeta...
[2025-09-13 19:18:28]   - Migrating woocommerce_order_items...
[2025-09-13 19:18:28]   - Migrating woocommerce_order_itemmeta...
[2025-09-13 19:18:29] Data import completed.
[2025-09-13 19:18:29] Enabling HPOS and running sync...
[2025-09-13 19:18:29] Enabling compatibility mode (posts table sync)...
[2025-09-13 19:18:31] Running HPOS sync...
[2025-09-13 19:18:33] Enabling HPOS as the primary data store...
[2025-09-13 19:18:34] HPOS enabled and synced.
[2025-09-13 19:18:34] Verifying migration...
[2025-09-13 19:18:34]   - Orders in wp_posts: 100
[2025-09-13 19:18:34]   - Orders in wp_wc_orders (HPOS): 100
[2025-09-13 19:18:34] ERROR: Verification failed. Please check the logs.
[2025-09-13 19:18:34] Migration script finished.
