[2025-09-13 19:16:28] Starting migration...
[2025-09-13 19:16:28] Checking database connections...
[2025-09-13 19:16:28] Database connections successful.
[2025-09-13 19:16:28] Exporting orders from source...
[2025-09-13 19:16:29] Found 2376 orders to migrate.
[2025-09-13 19:16:29] Processing batch: 0 to 0
[2025-09-13 19:16:29]   - Migrating wp_posts...
[2025-09-13 19:16:46]   - Migrating wp_postmeta...
[2025-09-13 19:16:46]   - Migrating woocommerce_order_items...
[2025-09-13 19:16:46]   - Migrating woocommerce_order_itemmeta...
[2025-09-13 19:16:46] Data import completed.
[2025-09-13 19:16:46] Enabling HPOS and running sync...
[2025-09-13 19:16:46] Enabling compatibility mode (posts table sync)...
[2025-09-13 19:16:49] Running HPOS sync...
[2025-09-13 19:16:50] Enabling HPOS as the primary data store...
[2025-09-13 19:16:52] HPOS enabled and synced.
[2025-09-13 19:16:52] Verifying migration...
[2025-09-13 19:16:52]   - Orders in wp_posts: 100
[2025-09-13 19:16:52]   - Orders in wp_wc_orders (HPOS): 100
[2025-09-13 19:16:52] ERROR: Verification failed. Please check the logs.
[2025-09-13 19:16:52] Migration script finished.
